[debug] [2020-09-29T16:15:49.101Z] ----------------------------------------------------------------------
[debug] [2020-09-29T16:15:49.103Z] Command:       C:\Program Files\nodejs\node.exe C:\Users\Ngandu\AppData\Roaming\npm\node_modules\firebase-tools\lib\bin\firebase.js init
[debug] [2020-09-29T16:15:49.103Z] CLI Version:   8.11.2
[debug] [2020-09-29T16:15:49.103Z] Platform:      win32
[debug] [2020-09-29T16:15:49.103Z] Node Version:  v12.16.3
[debug] [2020-09-29T16:15:49.104Z] Time:          Tue Sep 29 2020 18:15:49 GMT+0200 (Eastern European Standard Time)
[debug] [2020-09-29T16:15:49.104Z] ----------------------------------------------------------------------
[debug] [2020-09-29T16:15:49.104Z] 
[debug] [2020-09-29T16:15:49.110Z] > command requires scopes: ["email","openid","https://www.googleapis.com/auth/cloudplatformprojects.readonly","https://www.googleapis.com/auth/firebase","https://www.googleapis.com/auth/cloud-platform"]
[debug] [2020-09-29T16:15:49.110Z] > authorizing via signed-in user
[info] 
     ######## #### ########  ######## ########     ###     ######  ########
     ##        ##  ##     ## ##       ##     ##  ##   ##  ##       ##
     ######    ##  ########  ######   ########  #########  ######  ######
     ##        ##  ##    ##  ##       ##     ## ##     ##       ## ##
     ##       #### ##     ## ######## ########  ##     ##  ######  ########

You're about to initialize a Firebase project in this directory:

  C:\ReactJS\todo-app-with-react-firebase

Before we get started, keep in mind:

  * You are currently outside your home directory

